build/app/intermediates/manifest_merge_blame_file/debug/manifest-merger-blame-debug-report.txt
1<?xml version="1.0" encoding="utf-8"?>
2<manifest xmlns:android="http://schemas.android.com/apk/res/android"
3    package="com.example.project_deapsea2"
4    android:versionCode="1"
5    android:versionName="1.0.0" >
6
7    <uses-sdk
8        android:minSdkVersion="21"
9        android:targetSdkVersion="31" />
10    <!--
11         The INTERNET permission is required for development. Specifically,
12         the Flutter tool needs it to communicate with the running application
13         to allow setting breakpoints, to provide hot reload, etc.
14    -->
15    <uses-permission android:name="android.permission.INTERNET" />
15-->src\debug\AndroidManifest.xml:7:5-66
15-->src\debug\AndroidManifest.xml:7:22-64
16    <uses-permission android:name="android.permission.WAKE_LOCK" />
16-->[:firebase_messaging] AndroidManifest.xml:8:5-68
16-->[:firebase_messaging] AndroidManifest.xml:8:22-65
17    <uses-permission android:name="android.permission.ACCESS_NETWORK_STATE" />
17-->[:firebase_messaging] AndroidManifest.xml:9:5-79
17-->[:firebase_messaging] AndroidManifest.xml:9:22-76
18    <uses-permission android:name="android.permission.RECEIVE_BOOT_COMPLETED" />
18-->[:flutter_local_notifications] AndroidManifest.xml:7:5-81
18-->[:flutter_local_notifications] AndroidManifest.xml:7:22-78
19    <uses-permission android:name="android.permission.VIBRATE" />
19-->[:flutter_local_notifications] AndroidManifest.xml:8:5-66
19-->[:flutter_local_notifications] AndroidManifest.xml:8:22-63
20    <uses-permission android:name="android.permission.USE_FULL_SCREEN_INTENT" />
20-->[:flutter_local_notifications] AndroidManifest.xml:9:5-81
20-->[:flutter_local_notifications] AndroidManifest.xml:9:22-78
21    <uses-permission android:name="android.permission.SCHEDULE_EXACT_ALARM" /> <!-- See https://developer.android.com/training/package-visibility/declaring for more details. -->
21-->[:flutter_local_notifications] AndroidManifest.xml:10:5-79
21-->[:flutter_local_notifications] AndroidManifest.xml:10:22-76
22    <queries>
22-->[com.stripe:payments-core:16.10.0] AndroidManifest.xml:10:5-14:15
23
24        <!-- Added to check if Chrome is installed for browser-based payment authentication (e.g. 3DS1). -->
25        <package android:name="com.android.chrome" />
25-->[com.stripe:payments-core:16.10.0] AndroidManifest.xml:13:9-54
25-->[com.stripe:payments-core:16.10.0] AndroidManifest.xml:13:18-51
26    </queries> <!-- Required by older versions of Google Play services to create IID tokens -->
27    <uses-permission android:name="com.google.android.c2dm.permission.RECEIVE" />
27-->[com.google.firebase:firebase-messaging:23.0.2] AndroidManifest.xml:28:5-82
27-->[com.google.firebase:firebase-messaging:23.0.2] AndroidManifest.xml:28:22-79
28    <uses-permission android:name="com.google.android.gms.permission.AD_ID" />
28-->[com.google.android.gms:play-services-measurement-api:20.1.2] AndroidManifest.xml:25:5-79
28-->[com.google.android.gms:play-services-measurement-api:20.1.2] AndroidManifest.xml:25:22-76
29    <uses-permission android:name="com.google.android.finsky.permission.BIND_GET_INSTALL_REFERRER_SERVICE" />
29-->[com.google.android.gms:play-services-measurement:20.1.2] AndroidManifest.xml:26:5-110
29-->[com.google.android.gms:play-services-measurement:20.1.2] AndroidManifest.xml:26:22-107
30
31    <uses-feature
31-->[com.google.android.gms:play-services-maps:17.0.0] AndroidManifest.xml:26:5-28:35
32        android:glEsVersion="0x00020000"
32-->[com.google.android.gms:play-services-maps:17.0.0] AndroidManifest.xml:27:9-41
33        android:required="true" />
33-->[com.google.android.gms:play-services-maps:17.0.0] AndroidManifest.xml:28:9-32
34
35    <application
36        android:name="android.app.Application"
37        android:appComponentFactory="androidx.core.app.CoreComponentFactory"
37-->[androidx.core:core:1.6.0] AndroidManifest.xml:24:18-86
38        android:debuggable="true"
39        android:icon="@mipmap/ic_launcher"
40        android:label="project_deapsea2"
41        android:theme="@style/Theme.AppCompat.Light.NoActionBar"
41-->[:stripe_payment] AndroidManifest.xml:11:18-74
42        android:usesCleartextTraffic="true" >
42-->[:cloud_functions] AndroidManifest.xml:9:9-44
43        <activity
44            android:name="com.example.project_deapsea2.MainActivity"
45            android:configChanges="orientation|keyboardHidden|keyboard|screenSize|smallestScreenSize|locale|layoutDirection|fontScale|screenLayout|density|uiMode"
46            android:exported="true"
47            android:hardwareAccelerated="true"
48            android:launchMode="singleTop"
49            android:theme="@style/LaunchTheme"
50            android:windowSoftInputMode="adjustResize" >
51
52            <!--
53                 Specifies an Android theme to apply to this Activity as soon as
54                 the Android process has started. This theme is visible to the user
55                 while the Flutter UI initializes. After that, this theme continues
56                 to determine the Window background behind the Flutter UI.
57            -->
58            <meta-data
59                android:name="io.flutter.embedding.android.NormalTheme"
60                android:resource="@style/NormalTheme" />
61
62            <intent-filter>
63                <action android:name="android.intent.action.MAIN" />
64
65                <category android:name="android.intent.category.LAUNCHER" />
66            </intent-filter>
67        </activity>
68        <!--
69             Don't delete the meta-data below.
70             This is used by the Flutter tool to generate GeneratedPluginRegistrant.java
71        -->
72        <meta-data
73            android:name="flutterEmbedding"
74            android:value="2" />
75
76        <service
76-->[:firebase_auth] AndroidManifest.xml:8:9-12:19
77            android:name="com.google.firebase.components.ComponentDiscoveryService"
77-->[:firebase_auth] AndroidManifest.xml:8:18-89
78            android:directBootAware="true"
78-->[com.google.firebase:firebase-common:20.1.0] AndroidManifest.xml:35:13-43
79            android:exported="false" >
79-->[com.google.firebase:firebase-messaging:23.0.2] AndroidManifest.xml:54:13-37
80            <meta-data
80-->[:firebase_auth] AndroidManifest.xml:9:13-11:85
81                android:name="com.google.firebase.components:io.flutter.plugins.firebase.auth.FlutterFirebaseAuthRegistrar"
81-->[:firebase_auth] AndroidManifest.xml:10:17-124
82                android:value="com.google.firebase.components.ComponentRegistrar" />
82-->[:firebase_auth] AndroidManifest.xml:11:17-82
83            <meta-data
83-->[:firebase_messaging] AndroidManifest.xml:34:13-36:85
84                android:name="com.google.firebase.components:io.flutter.plugins.firebase.messaging.FlutterFirebaseAppRegistrar"
84-->[:firebase_messaging] AndroidManifest.xml:35:17-128
85                android:value="com.google.firebase.components.ComponentRegistrar" />
85-->[:firebase_messaging] AndroidManifest.xml:36:17-82
86            <meta-data
86-->[:firebase_database] AndroidManifest.xml:9:13-11:85
87                android:name="com.google.firebase.components:io.flutter.plugins.firebase.database.FlutterFirebaseAppRegistrar"
87-->[:firebase_database] AndroidManifest.xml:10:17-127
88                android:value="com.google.firebase.components.ComponentRegistrar" />
88-->[:firebase_database] AndroidManifest.xml:11:17-82
89            <meta-data
89-->[:cloud_firestore] AndroidManifest.xml:9:13-11:85
90                android:name="com.google.firebase.components:io.flutter.plugins.firebase.firestore.FlutterFirebaseFirestoreRegistrar"
90-->[:cloud_firestore] AndroidManifest.xml:10:17-134
91                android:value="com.google.firebase.components.ComponentRegistrar" />
91-->[:cloud_firestore] AndroidManifest.xml:11:17-82
92            <meta-data
92-->[:cloud_functions] AndroidManifest.xml:12:13-14:85
93                android:name="com.google.firebase.components:io.flutter.plugins.firebase.functions.FlutterFirebaseAppRegistrar"
93-->[:cloud_functions] AndroidManifest.xml:13:17-128
94                android:value="com.google.firebase.components.ComponentRegistrar" />
94-->[:cloud_functions] AndroidManifest.xml:14:17-82
95            <meta-data
95-->[:firebase_core] AndroidManifest.xml:9:13-11:85
96                android:name="com.google.firebase.components:io.flutter.plugins.firebase.core.FlutterFirebaseCoreRegistrar"
96-->[:firebase_core] AndroidManifest.xml:10:17-124
97                android:value="com.google.firebase.components.ComponentRegistrar" />
97-->[:firebase_core] AndroidManifest.xml:11:17-82
98            <meta-data
98-->[com.google.firebase:firebase-messaging:23.0.2] AndroidManifest.xml:55:13-57:85
99                android:name="com.google.firebase.components:com.google.firebase.messaging.FirebaseMessagingRegistrar"
99-->[com.google.firebase:firebase-messaging:23.0.2] AndroidManifest.xml:56:17-119
100                android:value="com.google.firebase.components.ComponentRegistrar" />
100-->[com.google.firebase:firebase-messaging:23.0.2] AndroidManifest.xml:57:17-82
101            <meta-data
101-->[com.google.firebase:firebase-datatransport:18.1.1] AndroidManifest.xml:28:13-30:85
102                android:name="com.google.firebase.components:com.google.firebase.datatransport.TransportRegistrar"
102-->[com.google.firebase:firebase-datatransport:18.1.1] AndroidManifest.xml:29:17-115
103                android:value="com.google.firebase.components.ComponentRegistrar" />
103-->[com.google.firebase:firebase-datatransport:18.1.1] AndroidManifest.xml:30:17-82
104            <meta-data
104-->[com.google.firebase:firebase-functions:20.0.2] AndroidManifest.xml:18:13-20:85
105                android:name="com.google.firebase.components:com.google.firebase.functions.FunctionsRegistrar"
105-->[com.google.firebase:firebase-functions:20.0.2] AndroidManifest.xml:19:17-111
106                android:value="com.google.firebase.components.ComponentRegistrar" />
106-->[com.google.firebase:firebase-functions:20.0.2] AndroidManifest.xml:20:17-82
107            <meta-data
107-->[com.google.firebase:firebase-auth:21.0.3] AndroidManifest.xml:67:13-69:85
108                android:name="com.google.firebase.components:com.google.firebase.auth.FirebaseAuthRegistrar"
108-->[com.google.firebase:firebase-auth:21.0.3] AndroidManifest.xml:68:17-109
109                android:value="com.google.firebase.components.ComponentRegistrar" />
109-->[com.google.firebase:firebase-auth:21.0.3] AndroidManifest.xml:69:17-82
110            <meta-data
110-->[com.google.firebase:firebase-iid:21.1.0] AndroidManifest.xml:32:13-34:85
111                android:name="com.google.firebase.components:com.google.firebase.iid.Registrar"
111-->[com.google.firebase:firebase-iid:21.1.0] AndroidManifest.xml:33:17-96
112                android:value="com.google.firebase.components.ComponentRegistrar" />
112-->[com.google.firebase:firebase-iid:21.1.0] AndroidManifest.xml:34:17-82
113            <meta-data
113-->[com.google.firebase:firebase-firestore:24.1.0] AndroidManifest.xml:20:13-22:85
114                android:name="com.google.firebase.components:com.google.firebase.firestore.FirestoreRegistrar"
114-->[com.google.firebase:firebase-firestore:24.1.0] AndroidManifest.xml:21:17-111
115                android:value="com.google.firebase.components.ComponentRegistrar" />
115-->[com.google.firebase:firebase-firestore:24.1.0] AndroidManifest.xml:22:17-82
116            <meta-data
116-->[com.google.firebase:firebase-database:20.0.4] AndroidManifest.xml:32:13-34:85
117                android:name="com.google.firebase.components:com.google.firebase.database.DatabaseRegistrar"
117-->[com.google.firebase:firebase-database:20.0.4] AndroidManifest.xml:33:17-109
118                android:value="com.google.firebase.components.ComponentRegistrar" />
118-->[com.google.firebase:firebase-database:20.0.4] AndroidManifest.xml:34:17-82
119            <meta-data
119-->[com.google.android.gms:play-services-measurement-api:20.1.2] AndroidManifest.xml:31:13-33:85
120                android:name="com.google.firebase.components:com.google.firebase.analytics.connector.internal.AnalyticsConnectorRegistrar"
120-->[com.google.android.gms:play-services-measurement-api:20.1.2] AndroidManifest.xml:32:17-139
121                android:value="com.google.firebase.components.ComponentRegistrar" />
121-->[com.google.android.gms:play-services-measurement-api:20.1.2] AndroidManifest.xml:33:17-82
122            <meta-data
122-->[com.google.firebase:firebase-installations:17.0.1] AndroidManifest.xml:18:13-20:85
123                android:name="com.google.firebase.components:com.google.firebase.installations.FirebaseInstallationsRegistrar"
123-->[com.google.firebase:firebase-installations:17.0.1] AndroidManifest.xml:19:17-127
124                android:value="com.google.firebase.components.ComponentRegistrar" />
124-->[com.google.firebase:firebase-installations:17.0.1] AndroidManifest.xml:20:17-82
125        </service>
126        <service
126-->[:firebase_messaging] AndroidManifest.xml:12:9-15:72
127            android:name="io.flutter.plugins.firebase.messaging.FlutterFirebaseMessagingBackgroundService"
127-->[:firebase_messaging] AndroidManifest.xml:13:13-107
128            android:exported="false"
128-->[:firebase_messaging] AndroidManifest.xml:14:13-37
129            android:permission="android.permission.BIND_JOB_SERVICE" />
129-->[:firebase_messaging] AndroidManifest.xml:15:13-69
130        <service
130-->[:firebase_messaging] AndroidManifest.xml:16:9-22:19
131            android:name="io.flutter.plugins.firebase.messaging.FlutterFirebaseMessagingService"
131-->[:firebase_messaging] AndroidManifest.xml:17:13-97
132            android:exported="false" >
132-->[:firebase_messaging] AndroidManifest.xml:18:13-37
133            <intent-filter>
133-->[:firebase_messaging] AndroidManifest.xml:19:13-21:29
134                <action android:name="com.google.firebase.MESSAGING_EVENT" />
134-->[:firebase_messaging] AndroidManifest.xml:20:17-78
134-->[:firebase_messaging] AndroidManifest.xml:20:25-75
135            </intent-filter>
136        </service>
137
138        <receiver
138-->[:firebase_messaging] AndroidManifest.xml:24:9-31:20
139            android:name="io.flutter.plugins.firebase.messaging.FlutterFirebaseMessagingReceiver"
139-->[:firebase_messaging] AndroidManifest.xml:25:13-98
140            android:exported="true"
140-->[:firebase_messaging] AndroidManifest.xml:26:13-36
141            android:permission="com.google.android.c2dm.permission.SEND" >
141-->[:firebase_messaging] AndroidManifest.xml:27:13-73
142            <intent-filter>
142-->[:firebase_messaging] AndroidManifest.xml:28:13-30:29
143                <action android:name="com.google.android.c2dm.intent.RECEIVE" />
143-->[:firebase_messaging] AndroidManifest.xml:29:17-81
143-->[:firebase_messaging] AndroidManifest.xml:29:25-78
144            </intent-filter>
145        </receiver>
146
147        <provider
147-->[:firebase_messaging] AndroidManifest.xml:39:9-43:38
148            android:name="io.flutter.plugins.firebase.messaging.FlutterFirebaseMessagingInitProvider"
148-->[:firebase_messaging] AndroidManifest.xml:40:13-102
149            android:authorities="com.example.project_deapsea2.flutterfirebasemessaginginitprovider"
149-->[:firebase_messaging] AndroidManifest.xml:41:13-88
150            android:exported="false"
150-->[:firebase_messaging] AndroidManifest.xml:42:13-37
151            android:initOrder="99" />
151-->[:firebase_messaging] AndroidManifest.xml:43:13-35
152
153        <meta-data
153-->[:stripe_payment] AndroidManifest.xml:12:9-14:36
154            android:name="com.google.android.gms.wallet.api.enabled"
154-->[:stripe_payment] AndroidManifest.xml:13:13-69
155            android:value="true" />
155-->[:stripe_payment] AndroidManifest.xml:14:13-33
156
157        <activity
157-->[:stripe_payment] AndroidManifest.xml:16:9-20:75
158            android:name="com.gettipsi.stripe.OpenBrowserActivity"
158-->[:stripe_payment] AndroidManifest.xml:17:13-67
159            android:exported="false"
159-->[:stripe_payment] AndroidManifest.xml:18:13-37
160            android:launchMode="singleTask"
160-->[:stripe_payment] AndroidManifest.xml:19:13-44
161            android:theme="@android:style/Theme.Translucent.NoTitleBar" />
161-->[:stripe_payment] AndroidManifest.xml:20:13-72
162        <activity
162-->[:stripe_payment] AndroidManifest.xml:21:9-34:20
163            android:name="com.gettipsi.stripe.RedirectUriReceiver"
163-->[:stripe_payment] AndroidManifest.xml:22:13-67
164            android:exported="true"
164-->[:stripe_payment] AndroidManifest.xml:23:13-36
165            android:launchMode="singleTask"
165-->[:stripe_payment] AndroidManifest.xml:24:13-44
166            android:theme="@android:style/Theme.Translucent.NoTitleBar.Fullscreen" >
166-->[:stripe_payment] AndroidManifest.xml:25:13-83
167            <intent-filter>
167-->[:stripe_payment] AndroidManifest.xml:26:13-33:29
168                <action android:name="android.intent.action.VIEW" />
168-->[:stripe_payment] AndroidManifest.xml:27:17-69
168-->[:stripe_payment] AndroidManifest.xml:27:25-66
169
170                <category android:name="android.intent.category.DEFAULT" />
170-->[:stripe_payment] AndroidManifest.xml:29:17-76
170-->[:stripe_payment] AndroidManifest.xml:29:27-73
171                <category android:name="android.intent.category.BROWSABLE" />
171-->[:stripe_payment] AndroidManifest.xml:30:17-78
171-->[:stripe_payment] AndroidManifest.xml:30:27-75
172
173                <data android:scheme="example" />
173-->[:stripe_payment] AndroidManifest.xml:32:17-50
173-->[:stripe_payment] AndroidManifest.xml:32:23-47
174            </intent-filter>
175        </activity>
176
177        <receiver
177-->[:flutter_local_notifications] AndroidManifest.xml:13:9-15:40
178            android:name="com.dexterous.flutterlocalnotifications.ScheduledNotificationReceiver"
178-->[:flutter_local_notifications] AndroidManifest.xml:14:13-97
179            android:exported="false" />
179-->[:flutter_local_notifications] AndroidManifest.xml:15:13-37
180        <receiver
180-->[:flutter_local_notifications] AndroidManifest.xml:16:9-25:20
181            android:name="com.dexterous.flutterlocalnotifications.ScheduledNotificationBootReceiver"
181-->[:flutter_local_notifications] AndroidManifest.xml:17:13-101
182            android:exported="false" >
182-->[:flutter_local_notifications] AndroidManifest.xml:18:13-37
183            <intent-filter>
183-->[:flutter_local_notifications] AndroidManifest.xml:19:13-24:29
184                <action android:name="android.intent.action.BOOT_COMPLETED" />
184-->[:flutter_local_notifications] AndroidManifest.xml:20:17-79
184-->[:flutter_local_notifications] AndroidManifest.xml:20:25-76
185                <action android:name="android.intent.action.MY_PACKAGE_REPLACED" />
185-->[:flutter_local_notifications] AndroidManifest.xml:21:17-84
185-->[:flutter_local_notifications] AndroidManifest.xml:21:25-81
186                <action android:name="android.intent.action.QUICKBOOT_POWERON" />
186-->[:flutter_local_notifications] AndroidManifest.xml:22:17-82
186-->[:flutter_local_notifications] AndroidManifest.xml:22:25-79
187                <action android:name="com.htc.intent.action.QUICKBOOT_POWERON" />
187-->[:flutter_local_notifications] AndroidManifest.xml:23:17-82
187-->[:flutter_local_notifications] AndroidManifest.xml:23:25-79
188            </intent-filter>
189        </receiver>
190
191        <activity
191-->[com.stripe:payments-core:16.10.0] AndroidManifest.xml:17:9-19:57
192            android:name="com.stripe.android.view.AddPaymentMethodActivity"
192-->[com.stripe:payments-core:16.10.0] AndroidManifest.xml:18:13-76
193            android:theme="@style/StripeDefaultTheme" />
193-->[com.stripe:payments-core:16.10.0] AndroidManifest.xml:19:13-54
194        <activity
194-->[com.stripe:payments-core:16.10.0] AndroidManifest.xml:20:9-22:57
195            android:name="com.stripe.android.view.PaymentMethodsActivity"
195-->[com.stripe:payments-core:16.10.0] AndroidManifest.xml:21:13-74
196            android:theme="@style/StripeDefaultTheme" />
196-->[com.stripe:payments-core:16.10.0] AndroidManifest.xml:22:13-54
197        <activity
197-->[com.stripe:payments-core:16.10.0] AndroidManifest.xml:23:9-25:57
198            android:name="com.stripe.android.view.PaymentFlowActivity"
198-->[com.stripe:payments-core:16.10.0] AndroidManifest.xml:24:13-71
199            android:theme="@style/StripeDefaultTheme" />
199-->[com.stripe:payments-core:16.10.0] AndroidManifest.xml:25:13-54
200        <activity
200-->[com.stripe:payments-core:16.10.0] AndroidManifest.xml:26:9-29:58
201            android:name="com.stripe.android.view.PaymentAuthWebViewActivity"
201-->[com.stripe:payments-core:16.10.0] AndroidManifest.xml:27:13-78
202            android:theme="@style/StripeDefaultTheme"
202-->[com.stripe:payments-core:16.10.0] AndroidManifest.xml:28:13-54
203            android:windowSoftInputMode="adjustResize" />
203-->[com.stripe:payments-core:16.10.0] AndroidManifest.xml:29:13-55
204        <activity
204-->[com.stripe:payments-core:16.10.0] AndroidManifest.xml:30:9-32:61
205            android:name="com.stripe.android.view.PaymentRelayActivity"
205-->[com.stripe:payments-core:16.10.0] AndroidManifest.xml:31:13-72
206            android:theme="@style/StripeTransparentTheme" />
206-->[com.stripe:payments-core:16.10.0] AndroidManifest.xml:32:13-58
207        <!--
208        Set android:launchMode="singleTop" so that the StripeBrowserLauncherActivity instance that
209        launched the browser Activity will also handle the return URL deep link.
210        -->
211        <activity
211-->[com.stripe:payments-core:16.10.0] AndroidManifest.xml:38:9-54:20
212            android:name="com.stripe.android.payments.StripeBrowserLauncherActivity"
212-->[com.stripe:payments-core:16.10.0] AndroidManifest.xml:39:13-85
213            android:launchMode="singleTop"
213-->[com.stripe:payments-core:16.10.0] AndroidManifest.xml:40:13-43
214            android:theme="@style/StripeTransparentTheme" >
214-->[com.stripe:payments-core:16.10.0] AndroidManifest.xml:41:13-58
215            <intent-filter>
215-->[com.stripe:payments-core:16.10.0] AndroidManifest.xml:42:13-53:29
216                <action android:name="android.intent.action.VIEW" />
216-->[:stripe_payment] AndroidManifest.xml:27:17-69
216-->[:stripe_payment] AndroidManifest.xml:27:25-66
217
218                <category android:name="android.intent.category.DEFAULT" />
218-->[:stripe_payment] AndroidManifest.xml:29:17-76
218-->[:stripe_payment] AndroidManifest.xml:29:27-73
219                <category android:name="android.intent.category.BROWSABLE" />
219-->[:stripe_payment] AndroidManifest.xml:30:17-78
219-->[:stripe_payment] AndroidManifest.xml:30:27-75
220
221                <!-- Must match `DefaultReturnUrl#value`. -->
222                <data
222-->[:stripe_payment] AndroidManifest.xml:32:17-50
223                    android:host="payment_return_url"
224                    android:path="/com.example.project_deapsea2"
225                    android:scheme="stripesdk" />
225-->[:stripe_payment] AndroidManifest.xml:32:23-47
226            </intent-filter>
227        </activity>
228        <activity
228-->[com.stripe:payments-core:16.10.0] AndroidManifest.xml:55:9-57:57
229            android:name="com.stripe.android.view.Stripe3ds2CompletionActivity"
229-->[com.stripe:payments-core:16.10.0] AndroidManifest.xml:56:13-80
230            android:theme="@style/StripeDefaultTheme" />
230-->[com.stripe:payments-core:16.10.0] AndroidManifest.xml:57:13-54
231        <activity
231-->[com.stripe:payments-core:16.10.0] AndroidManifest.xml:58:9-60:69
232            android:name="com.stripe.android.paymentsheet.PaymentSheetActivity"
232-->[com.stripe:payments-core:16.10.0] AndroidManifest.xml:59:13-80
233            android:theme="@style/StripePaymentSheetDefaultTheme" />
233-->[com.stripe:payments-core:16.10.0] AndroidManifest.xml:60:13-66
234        <activity
234-->[com.stripe:payments-core:16.10.0] AndroidManifest.xml:61:9-63:69
235            android:name="com.stripe.android.paymentsheet.PaymentOptionsActivity"
235-->[com.stripe:payments-core:16.10.0] AndroidManifest.xml:62:13-82
236            android:theme="@style/StripePaymentSheetDefaultTheme" />
236-->[com.stripe:payments-core:16.10.0] AndroidManifest.xml:63:13-66
237        <activity
237-->[com.stripe:payments-core:16.10.0] AndroidManifest.xml:64:9-66:66
238            android:name="com.stripe.android.googlepay.StripeGooglePayActivity"
238-->[com.stripe:payments-core:16.10.0] AndroidManifest.xml:65:13-80
239            android:theme="@style/StripeGooglePayDefaultTheme" />
239-->[com.stripe:payments-core:16.10.0] AndroidManifest.xml:66:13-63
240        <activity
240-->[com.stripe:stripe-3ds2-android:5.3.1] AndroidManifest.xml:10:9-12:54
241            android:name="com.stripe.android.stripe3ds2.views.ChallengeActivity"
241-->[com.stripe:stripe-3ds2-android:5.3.1] AndroidManifest.xml:11:13-81
242            android:theme="@style/Stripe3DS2Theme" />
242-->[com.stripe:stripe-3ds2-android:5.3.1] AndroidManifest.xml:12:13-51
243        <activity
243-->[com.stripe:stripe-3ds2-android:5.3.1] AndroidManifest.xml:13:9-15:54
244            android:name="com.stripe.android.stripe3ds2.views.ChallengeProgressActivity"
244-->[com.stripe:stripe-3ds2-android:5.3.1] AndroidManifest.xml:14:13-89
245            android:theme="@style/Stripe3DS2Theme" />
245-->[com.stripe:stripe-3ds2-android:5.3.1] AndroidManifest.xml:15:13-51
246
247        <uses-library
247-->[androidx.window:window:1.0.0-beta04] AndroidManifest.xml:25:9-27:40
248            android:name="androidx.window.extensions"
248-->[androidx.window:window:1.0.0-beta04] AndroidManifest.xml:26:13-54
249            android:required="false" />
249-->[androidx.window:window:1.0.0-beta04] AndroidManifest.xml:27:13-37
250        <uses-library
250-->[androidx.window:window:1.0.0-beta04] AndroidManifest.xml:28:9-30:40
251            android:name="androidx.window.sidecar"
251-->[androidx.window:window:1.0.0-beta04] AndroidManifest.xml:29:13-51
252            android:required="false" />
252-->[androidx.window:window:1.0.0-beta04] AndroidManifest.xml:30:13-37
253
254        <receiver
254-->[com.google.firebase:firebase-messaging:23.0.2] AndroidManifest.xml:31:9-38:20
255            android:name="com.google.firebase.iid.FirebaseInstanceIdReceiver"
255-->[com.google.firebase:firebase-messaging:23.0.2] AndroidManifest.xml:32:13-78
256            android:exported="true"
256-->[com.google.firebase:firebase-messaging:23.0.2] AndroidManifest.xml:33:13-36
257            android:permission="com.google.android.c2dm.permission.SEND" >
257-->[com.google.firebase:firebase-messaging:23.0.2] AndroidManifest.xml:34:13-73
258            <intent-filter>
258-->[:firebase_messaging] AndroidManifest.xml:28:13-30:29
259                <action android:name="com.google.android.c2dm.intent.RECEIVE" />
259-->[:firebase_messaging] AndroidManifest.xml:29:17-81
259-->[:firebase_messaging] AndroidManifest.xml:29:25-78
260            </intent-filter>
261        </receiver>
262        <!--
263             FirebaseMessagingService performs security checks at runtime,
264             but set to not exported to explicitly avoid allowing another app to call it.
265        -->
266        <service
266-->[com.google.firebase:firebase-messaging:23.0.2] AndroidManifest.xml:44:9-51:19
267            android:name="com.google.firebase.messaging.FirebaseMessagingService"
267-->[com.google.firebase:firebase-messaging:23.0.2] AndroidManifest.xml:45:13-82
268            android:directBootAware="true"
268-->[com.google.firebase:firebase-messaging:23.0.2] AndroidManifest.xml:46:13-43
269            android:exported="false" >
269-->[com.google.firebase:firebase-messaging:23.0.2] AndroidManifest.xml:47:13-37
270            <intent-filter android:priority="-500" >
270-->[:firebase_messaging] AndroidManifest.xml:19:13-21:29
271                <action android:name="com.google.firebase.MESSAGING_EVENT" />
271-->[:firebase_messaging] AndroidManifest.xml:20:17-78
271-->[:firebase_messaging] AndroidManifest.xml:20:25-75
272            </intent-filter>
273        </service>
274        <service
274-->[com.google.android.datatransport:transport-backend-cct:3.1.2] AndroidManifest.xml:29:9-35:19
275            android:name="com.google.android.datatransport.runtime.backends.TransportBackendDiscovery"
275-->[com.google.android.datatransport:transport-backend-cct:3.1.2] AndroidManifest.xml:30:13-103
276            android:exported="false" >
276-->[com.google.android.datatransport:transport-backend-cct:3.1.2] AndroidManifest.xml:31:13-37
277            <meta-data
277-->[com.google.android.datatransport:transport-backend-cct:3.1.2] AndroidManifest.xml:32:13-34:39
278                android:name="backend:com.google.android.datatransport.cct.CctBackendFactory"
278-->[com.google.android.datatransport:transport-backend-cct:3.1.2] AndroidManifest.xml:33:17-94
279                android:value="cct" />
279-->[com.google.android.datatransport:transport-backend-cct:3.1.2] AndroidManifest.xml:34:17-36
280        </service>
281        <service
281-->[com.google.android.datatransport:transport-runtime:3.1.2] AndroidManifest.xml:26:9-30:19
282            android:name="com.google.android.datatransport.runtime.scheduling.jobscheduling.JobInfoSchedulerService"
282-->[com.google.android.datatransport:transport-runtime:3.1.2] AndroidManifest.xml:27:13-117
283            android:exported="false"
283-->[com.google.android.datatransport:transport-runtime:3.1.2] AndroidManifest.xml:28:13-37
284            android:permission="android.permission.BIND_JOB_SERVICE" >
284-->[com.google.android.datatransport:transport-runtime:3.1.2] AndroidManifest.xml:29:13-69